<?xml version="1.0" encoding="UTF-8"?>
<testsuite name="goldbus.dmx.DmxUniverseGridTest" tests="6" skipped="0" failures="0" errors="0" timestamp="2026-05-27T12:50:54.662Z" hostname="MacBook-florianthievent-2.local" time="0.008">
  <properties/>
  <testcase name="readdressPushesOverlappingFixturesForward[desktop]" classname="goldbus.dmx.DmxUniverseGridTest" time="0.006"/>
  <testcase name="computeFixturePlacementsFlagsOverlap[desktop]" classname="goldbus.dmx.DmxUniverseGridTest" time="0.001"/>
  <testcase name="universeRangeClipsAtUniverseEnd[desktop]" classname="goldbus.dmx.DmxUniverseGridTest" time="0.0"/>
  <testcase name="footprintIsMaxOffsetWithMinOne[desktop]" classname="goldbus.dmx.DmxUniverseGridTest" time="0.0"/>
  <testcase name="readdressRejectsOverflow[desktop]" classname="goldbus.dmx.DmxUniverseGridTest" time="0.001"/>
  <testcase name="rowSegmentationWrapsAtColumnBoundary[desktop]" classname="goldbus.dmx.DmxUniverseGridTest" time="0.0"/>
  <system-out><![CDATA[]]></system-out>
  <system-err><![CDATA[]]></system-err>
</testsuite>
