<?xml version="1.0" encoding="UTF-8"?>
<testsuite name="goldbus.controller.GoldbusControllerTest" tests="2" skipped="0" failures="0" errors="0" timestamp="2026-05-27T12:50:54.590Z" hostname="MacBook-florianthievent-2.local" time="0.07">
  <properties/>
  <testcase name="wledPayloadClampsGeneralValues[desktop]" classname="goldbus.controller.GoldbusControllerTest" time="0.022"/>
  <testcase name="simulatedDeviceIsAddedAndUpdatedWithoutHttp[desktop]" classname="goldbus.controller.GoldbusControllerTest" time="0.048"/>
  <system-out><![CDATA[]]></system-out>
  <system-err><![CDATA[]]></system-err>
</testsuite>
